Pseudo-terminal will not be allocated because stdin is not a terminal.
Linux cluster-d9fd-m 5.8.0-0.bpo.2-amd64 #1 SMP Debian 5.8.10-1~bpo10+1 (2020-09-26) x86_64

The programs included with the Debian GNU/Linux system are free software;
the exact distribution terms for each program are described in the
individual files in /usr/share/doc/*/copyright.

Debian GNU/Linux comes with ABSOLUTELY NO WARRANTY, to the extent
permitted by applicable law.
20/11/22 17:43:22 INFO client.RMProxy: Connecting to ResourceManager at cluster-d9fd-m/10.128.0.11:8032
20/11/22 17:43:23 INFO client.AHSProxy: Connecting to Application History server at cluster-d9fd-m/10.128.0.11:10200
20/11/22 17:43:23 WARN mapreduce.JobResourceUploader: Hadoop command-line option parsing not performed. Implement the Tool interface and execute your application with ToolRunner to remedy this.
20/11/22 17:43:23 INFO input.FileInputFormat: Total input files to process : 3
20/11/22 17:43:23 INFO mapreduce.JobSubmitter: number of splits:3
20/11/22 17:43:23 INFO Configuration.deprecation: yarn.resourcemanager.system-metrics-publisher.enabled is deprecated. Instead, use yarn.system-metrics-publisher.enabled
20/11/22 17:43:23 INFO mapreduce.JobSubmitter: Submitting tokens for job: job_1606064542969_0009
20/11/22 17:43:23 INFO impl.YarnClientImpl: Submitted application application_1606064542969_0009
20/11/22 17:43:24 INFO mapreduce.Job: The url to track the job: http://cluster-d9fd-m:8088/proxy/application_1606064542969_0009/
20/11/22 17:43:24 INFO mapreduce.Job: Running job: job_1606064542969_0009
20/11/22 17:43:30 INFO mapreduce.Job: Job job_1606064542969_0009 running in uber mode : false
20/11/22 17:43:30 INFO mapreduce.Job:  map 0% reduce 0%
20/11/22 17:43:41 INFO mapreduce.Job:  map 67% reduce 0%
20/11/22 17:43:42 INFO mapreduce.Job:  map 100% reduce 0%
20/11/22 17:43:47 INFO mapreduce.Job:  map 100% reduce 100%
20/11/22 17:43:47 INFO mapreduce.Job: Job job_1606064542969_0009 completed successfully
20/11/22 17:43:47 INFO mapreduce.Job: Counters: 50
	File System Counters
		FILE: Number of bytes read=776636
		FILE: Number of bytes written=2386749
		FILE: Number of read operations=0
		FILE: Number of large read operations=0
		FILE: Number of write operations=0
		HDFS: Number of bytes read=6331009
		HDFS: Number of bytes written=22
		HDFS: Number of read operations=14
		HDFS: Number of large read operations=0
		HDFS: Number of write operations=3
	Job Counters 
		Killed map tasks=1
		Launched map tasks=3
		Launched reduce tasks=1
		Data-local map tasks=3
		Total time spent by all maps in occupied slots (ms)=79617
		Total time spent by all reduces in occupied slots (ms)=8559
		Total time spent by all map tasks (ms)=26539
		Total time spent by all reduce tasks (ms)=2853
		Total vcore-milliseconds taken by all map tasks=26539
		Total vcore-milliseconds taken by all reduce tasks=2853
		Total megabyte-milliseconds taken by all map tasks=81527808
		Total megabyte-milliseconds taken by all reduce tasks=8764416
	Map-Reduce Framework
		Map input records=133748
		Map output records=613157
		Map output bytes=6722934
		Map output materialized bytes=776648
		Input split bytes=741
		Combine input records=613157
		Combine output records=53758
		Reduce input groups=33841
		Reduce shuffle bytes=776648
		Reduce input records=53758
		Reduce output records=2
		Spilled Records=107516
		Shuffled Maps =3
		Failed Shuffles=0
		Merged Map outputs=3
		GC time elapsed (ms)=612
		CPU time spent (ms)=17050
		Physical memory (bytes) snapshot=2132172800
		Virtual memory (bytes) snapshot=17444757504
		Total committed heap usage (bytes)=1852309504
	Shuffle Errors
		BAD_ID=0
		CONNECTION=0
		IO_ERROR=0
		WRONG_LENGTH=0
		WRONG_MAP=0
		WRONG_REDUCE=0
	File Input Format Counters 
		Bytes Read=0
	File Output Format Counters 
		Bytes Written=22
that	14957
with	10010
Deleted /textFiles/out46.txt/_SUCCESS
Deleted /textFiles/out46.txt/part-r-00000
Deleted /textFiles/out46.txt
